<?xml version="1.0" encoding="UTF-8"?><Response><Play loop="10">https://storage.googleapis.com/test-bucket-instance-0/pan.xici.com.mp3</Play></Response>
